#! /usr/bin/env bash
exec /home/cass/conda-env/envs/ihp/bin/vvp -f "$0" "$@" <<'# EOF'
:ivl_version "13.0 (devel)" "(0_8-7223-g437256029-dirty)";
:ivl_delay_selection "TYPICAL";
:vpi_time_precision - 12;
:vpi_module "/home/cass/conda-env/envs/ihp/lib/ivl/system.vpi";
:vpi_module "/home/cass/conda-env/envs/ihp/lib/ivl/vhdl_sys.vpi";
:vpi_module "/home/cass/conda-env/envs/ihp/lib/ivl/vhdl_textio.vpi";
:vpi_module "/home/cass/conda-env/envs/ihp/lib/ivl/v2005_math.vpi";
:vpi_module "/home/cass/conda-env/envs/ihp/lib/ivl/va_math.vpi";
:vpi_module "/home/cass/conda-env/envs/ihp/lib/ivl/v2009.vpi";
S_0xd4d7e20 .scope package, "$unit" "$unit" 2 1;
 .timescale 0 0;
S_0xd4c8ac0 .scope module, "state_machine_tb" "state_machine_tb" 3 8;
 .timescale -9 -12;
L_0xd4d7cd0 .functor BUFZ 1, v0xd4f9ae0_0, C4<0>, C4<0>, C4<0>;
L_0xd4afd00 .functor BUFZ 11, v0xd4fa440_0, C4<00000000000>, C4<00000000000>, C4<00000000000>;
v0xd4fade0_0 .var "clk", 0 0;
v0xd4faea0_0 .net "clk_data", 0 0, L_0xd50cde0;  1 drivers
v0xd4faf40_0 .var "comp_p", 0 0;
v0xd4fafe0_0 .net "data", 5 0, L_0xd50d730;  1 drivers
v0xd4fb080_0 .net "en_comp", 0 0, v0xd4f97c0_0;  1 drivers
v0xd4fb120_0 .var "en_offset_cal", 0 0;
v0xd4fb1c0_0 .net "en_offset_cal_o", 0 0, v0xd4f9a20_0;  1 drivers
v0xd4fb260_0 .net "en_vcm_sw", 0 0, v0xd4f9ae0_0;  1 drivers
v0xd4fb330_0 .net "en_vcm_sw_i", 0 0, L_0xd4d7cd0;  1 drivers
v0xd4fb400_0 .net "offset_cal_cycle", 0 0, v0xd4f9d40_0;  1 drivers
v0xd4fb4d0_0 .var "rst_z", 0 0;
v0xd4fb5a0_0 .net "sample_o", 0 0, L_0xd50ca60;  1 drivers
v0xd4fb670_0 .var "single_ended", 0 0;
v0xd4fb740_0 .var "start", 0 0;
v0xd4fb810_0 .net "vcm", 10 0, v0xd4fa440_0;  1 drivers
v0xd4fb8e0_0 .net "vcm_dummy", 0 0, v0xd4fa380_0;  1 drivers
v0xd4fb9b0_0 .net "vcm_i", 10 0, L_0xd4afd00;  1 drivers
v0xd4fba80_0 .var "vin_n_sw_on", 0 0;
v0xd4fbb50_0 .var "vin_p_sw_on", 0 0;
v0xd4fbc20_0 .net "vref_z_n", 10 0, v0xd4fa780_0;  1 drivers
v0xd4fbcf0_0 .net "vref_z_p", 10 0, v0xd4fa860_0;  1 drivers
v0xd4fbdc0_0 .net "vss_n", 10 0, v0xd4fa940_0;  1 drivers
v0xd4fbe90_0 .net "vss_p", 10 0, v0xd4faa20_0;  1 drivers
S_0xd4c8c50 .scope module, "dut" "state_machine" 3 53, 4 1 0, S_0xd4c8ac0;
 .timescale 0 0;
    .port_info 0 /INPUT 1 "clk";
    .port_info 1 /INPUT 1 "rst_z";
    .port_info 2 /INPUT 1 "start";
    .port_info 3 /INPUT 1 "single_ended";
    .port_info 4 /INPUT 1 "en_offset_cal";
    .port_info 5 /INPUT 1 "comp_p";
    .port_info 6 /INPUT 1 "vin_p_sw_on";
    .port_info 7 /INPUT 1 "vin_n_sw_on";
    .port_info 8 /INPUT 1 "en_vcm_sw_o_i";
    .port_info 9 /INPUT 11 "vcm_o_i";
    .port_info 10 /OUTPUT 6 "data";
    .port_info 11 /OUTPUT 1 "clk_data";
    .port_info 12 /OUTPUT 1 "sample_o";
    .port_info 13 /OUTPUT 11 "vcm_o";
    .port_info 14 /OUTPUT 11 "vref_z_p_o";
    .port_info 15 /OUTPUT 11 "vref_z_n_o";
    .port_info 16 /OUTPUT 11 "vss_p_o";
    .port_info 17 /OUTPUT 11 "vss_n_o";
    .port_info 18 /OUTPUT 1 "vcm_dummy_o";
    .port_info 19 /OUTPUT 1 "en_vcm_sw_o";
    .port_info 20 /OUTPUT 1 "en_comp";
    .port_info 21 /OUTPUT 1 "offset_cal_cycle";
    .port_info 22 /OUTPUT 1 "en_offset_cal_o";
P_0xd478f00 .param/l "convert" 0 4 33, C4<10>;
P_0xd478f40 .param/l "idle" 0 4 33, C4<00>;
P_0xd478f80 .param/l "sample" 0 4 33, C4<01>;
L_0xd4b05a0 .functor NOT 12, v0xd4f9330_0, C4<000000000000>, C4<000000000000>, C4<000000000000>;
L_0xd4b0d50 .functor AND 12, L_0xd4b05a0, L_0xd50c2c0, C4<111111111111>, C4<111111111111>;
L_0xd4b1d00 .functor OR 1, L_0xd50c4a0, L_0xd4d7cd0, C4<0>, C4<0>;
L_0xd50c6b0 .functor NOT 1, L_0xd50c610, C4<0>, C4<0>, C4<0>;
L_0xd50c7d0 .functor AND 1, L_0xd4b1d00, L_0xd50c6b0, C4<1>, C4<1>;
L_0xd50ca60 .functor AND 1, L_0xd50c7d0, L_0xd50c8e0, C4<1>, C4<1>;
L_0xd50cde0 .functor AND 1, L_0xd50cc00, L_0xd50cca0, C4<1>, C4<1>;
L_0xd50d0e0 .functor NOT 6, L_0xd50cfe0, C4<000000>, C4<000000>, C4<000000>;
L_0xd50d290 .functor OR 1, L_0xd50d1a0, v0xd4fa120_0, C4<0>, C4<0>;
L_0xd50d350 .functor NOT 1, L_0xd50d290, C4<0>, C4<0>, C4<0>;
L_0xd50d580 .functor NOT 5, L_0xd50d470, C4<00000>, C4<00000>, C4<00000>;
v0xd4afed0_0 .net *"_ivl_0", 11 0, L_0xd4b05a0;  1 drivers
v0xd4b06f0_0 .net *"_ivl_10", 11 0, L_0xd50c2c0;  1 drivers
L_0x759e867b70a8 .functor BUFT 1, C4<01>, C4<0>, C4<0>, C4<0>;
v0xd4b07c0_0 .net/2u *"_ivl_14", 1 0, L_0x759e867b70a8;  1 drivers
v0xd4b0e60_0 .net *"_ivl_16", 0 0, L_0xd50c4a0;  1 drivers
v0xd4b0f30_0 .net *"_ivl_18", 0 0, L_0xd4b1d00;  1 drivers
L_0x759e867b7018 .functor BUFT 1, C4<100000000000>, C4<0>, C4<0>, C4<0>;
v0xd4b1e50_0 .net/2u *"_ivl_2", 11 0, L_0x759e867b7018;  1 drivers
v0xd4b1ef0_0 .net *"_ivl_21", 0 0, L_0xd50c610;  1 drivers
v0xd4f7ef0_0 .net *"_ivl_22", 0 0, L_0xd50c6b0;  1 drivers
v0xd4f7fd0_0 .net *"_ivl_24", 0 0, L_0xd50c7d0;  1 drivers
L_0x759e867b70f0 .functor BUFT 1, C4<00>, C4<0>, C4<0>, C4<0>;
v0xd4f80b0_0 .net/2u *"_ivl_26", 1 0, L_0x759e867b70f0;  1 drivers
v0xd4f8190_0 .net *"_ivl_28", 0 0, L_0xd50c8e0;  1 drivers
v0xd4f8250_0 .net *"_ivl_33", 0 0, L_0xd50cc00;  1 drivers
L_0x759e867b7138 .functor BUFT 1, C4<10>, C4<0>, C4<0>, C4<0>;
v0xd4f8330_0 .net/2u *"_ivl_34", 1 0, L_0x759e867b7138;  1 drivers
v0xd4f8410_0 .net *"_ivl_36", 0 0, L_0xd50cca0;  1 drivers
v0xd4f84d0_0 .net *"_ivl_4", 11 0, L_0xd50c150;  1 drivers
v0xd4f85b0_0 .net *"_ivl_41", 0 0, L_0xd50cf40;  1 drivers
v0xd4f8690_0 .net *"_ivl_43", 5 0, L_0xd50cfe0;  1 drivers
v0xd4f8770_0 .net *"_ivl_44", 5 0, L_0xd50d0e0;  1 drivers
v0xd4f8850_0 .net *"_ivl_47", 0 0, L_0xd50d1a0;  1 drivers
v0xd4f8930_0 .net *"_ivl_48", 0 0, L_0xd50d290;  1 drivers
v0xd4f8a10_0 .net *"_ivl_50", 0 0, L_0xd50d350;  1 drivers
v0xd4f8af0_0 .net *"_ivl_53", 4 0, L_0xd50d470;  1 drivers
v0xd4f8bd0_0 .net *"_ivl_54", 4 0, L_0xd50d580;  1 drivers
v0xd4f8cb0_0 .net *"_ivl_56", 5 0, L_0xd50d5f0;  1 drivers
v0xd4f8d90_0 .net *"_ivl_6", 10 0, L_0xd50c060;  1 drivers
L_0x759e867b7060 .functor BUFT 1, C4<0>, C4<0>, C4<0>, C4<0>;
v0xd4f8e70_0 .net *"_ivl_8", 0 0, L_0x759e867b7060;  1 drivers
v0xd4f8f50_0 .var "allow_vcm_sw", 0 0;
v0xd4f9010_0 .var "allow_vref_sw", 10 0;
v0xd4f90f0_0 .net "clk", 0 0, v0xd4fade0_0;  1 drivers
v0xd4f91b0_0 .net "clk_data", 0 0, L_0xd50cde0;  alias, 1 drivers
v0xd4f9270_0 .net "comp_p", 0 0, v0xd4faf40_0;  1 drivers
v0xd4f9330_0 .var "counter", 11 0;
v0xd4f9410_0 .var "counter_sample", 0 0;
v0xd4f96e0_0 .net "data", 5 0, L_0xd50d730;  alias, 1 drivers
v0xd4f97c0_0 .var "en_comp", 0 0;
v0xd4f9880_0 .net "en_dac_out", 11 0, L_0xd4b0d50;  1 drivers
v0xd4f9960_0 .net "en_offset_cal", 0 0, v0xd4fb120_0;  1 drivers
v0xd4f9a20_0 .var "en_offset_cal_o", 0 0;
v0xd4f9ae0_0 .var "en_vcm_sw_o", 0 0;
v0xd4f9ba0_0 .net "en_vcm_sw_o_i", 0 0, L_0xd4d7cd0;  alias, 1 drivers
v0xd4f9c60_0 .var/i "i", 31 0;
v0xd4f9d40_0 .var "offset_cal_cycle", 0 0;
v0xd4f9e00_0 .var "result", 11 0;
v0xd4f9ee0_0 .net "rst_z", 0 0, v0xd4fb4d0_0;  1 drivers
v0xd4f9fa0_0 .net "sample_o", 0 0, L_0xd50ca60;  alias, 1 drivers
v0xd4fa060_0 .net "single_ended", 0 0, v0xd4fb670_0;  1 drivers
v0xd4fa120_0 .var "single_ended_reg", 0 0;
v0xd4fa1e0_0 .net "start", 0 0, v0xd4fb740_0;  1 drivers
v0xd4fa2a0_0 .var "state", 1 0;
v0xd4fa380_0 .var "vcm_dummy_o", 0 0;
v0xd4fa440_0 .var "vcm_o", 10 0;
v0xd4fa520_0 .net "vcm_o_i", 10 0, L_0xd4afd00;  alias, 1 drivers
v0xd4fa600_0 .net "vin_n_sw_on", 0 0, v0xd4fba80_0;  1 drivers
v0xd4fa6c0_0 .net "vin_p_sw_on", 0 0, v0xd4fbb50_0;  1 drivers
v0xd4fa780_0 .var "vref_z_n_o", 10 0;
v0xd4fa860_0 .var "vref_z_p_o", 10 0;
v0xd4fa940_0 .var "vss_n_o", 10 0;
v0xd4faa20_0 .var "vss_p_o", 10 0;
E_0xd48dc40/0 .event anyedge, v0xd4f9ee0_0, v0xd4f9960_0, v0xd4fa6c0_0, v0xd4fa600_0;
E_0xd48dc40/1 .event anyedge, v0xd4fa2a0_0, v0xd4f8f50_0, v0xd4fa120_0, v0xd4f90f0_0;
E_0xd48dc40/2 .event anyedge, v0xd4f9330_0, v0xd4f9e00_0, v0xd4f9010_0, v0xd4fa520_0;
E_0xd48dc40 .event/or E_0xd48dc40/0, E_0xd48dc40/1, E_0xd48dc40/2;
E_0xd4b4b70/0 .event negedge, v0xd4f9ee0_0;
E_0xd4b4b70/1 .event posedge, v0xd4f90f0_0;
E_0xd4b4b70 .event/or E_0xd4b4b70/0, E_0xd4b4b70/1;
L_0xd50c060 .part v0xd4f9330_0, 1, 11;
L_0xd50c150 .concat [ 11 1 0 0], L_0xd50c060, L_0x759e867b7060;
L_0xd50c2c0 .arith/sum 12, L_0x759e867b7018, L_0xd50c150;
L_0xd50c4a0 .cmp/eq 2, v0xd4fa2a0_0, L_0x759e867b70a8;
L_0xd50c610 .part v0xd4f9330_0, 11, 1;
L_0xd50c8e0 .cmp/ne 2, v0xd4fa2a0_0, L_0x759e867b70f0;
L_0xd50cc00 .part v0xd4f9330_0, 5, 1;
L_0xd50cca0 .cmp/eq 2, v0xd4fa2a0_0, L_0x759e867b7138;
L_0xd50cf40 .part v0xd4f9330_0, 4, 1;
L_0xd50cfe0 .part v0xd4f9e00_0, 0, 6;
L_0xd50d1a0 .part v0xd4f9e00_0, 11, 1;
L_0xd50d470 .part v0xd4f9e00_0, 6, 5;
L_0xd50d5f0 .concat [ 5 1 0 0], L_0xd50d580, L_0xd50d350;
L_0xd50d730 .functor MUXZ 6, L_0xd50d5f0, L_0xd50d0e0, L_0xd50cf40, C4<>;
    .scope S_0xd4c8c50;
T_0 ;
    %wait E_0xd4b4b70;
    %load/vec4 v0xd4f9ee0_0;
    %nor/r;
    %flag_set/vec4 8;
    %jmp/0xz  T_0.0, 8;
    %pushi/vec4 0, 0, 2;
    %assign/vec4 v0xd4fa2a0_0, 0;
    %jmp T_0.1;
T_0.0 ;
    %load/vec4 v0xd4fa2a0_0;
    %dup/vec4;
    %pushi/vec4 0, 0, 2;
    %cmp/u;
    %jmp/1 T_0.2, 6;
    %dup/vec4;
    %pushi/vec4 1, 0, 2;
    %cmp/u;
    %jmp/1 T_0.3, 6;
    %dup/vec4;
    %pushi/vec4 2, 0, 2;
    %cmp/u;
    %jmp/1 T_0.4, 6;
    %pushi/vec4 0, 0, 2;
    %assign/vec4 v0xd4fa2a0_0, 0;
    %jmp T_0.6;
T_0.2 ;
    %load/vec4 v0xd4fa1e0_0;
    %flag_set/vec4 8;
    %jmp/0 T_0.7, 8;
    %pushi/vec4 1, 0, 2;
    %jmp/1 T_0.8, 8;
T_0.7 ; End of true expr.
    %pushi/vec4 0, 0, 2;
    %jmp/0 T_0.8, 8;
 ; End of false expr.
    %blend;
T_0.8;
    %assign/vec4 v0xd4fa2a0_0, 0;
    %jmp T_0.6;
T_0.3 ;
    %load/vec4 v0xd4f9410_0;
    %flag_set/vec4 8;
    %jmp/0 T_0.9, 8;
    %pushi/vec4 2, 0, 2;
    %jmp/1 T_0.10, 8;
T_0.9 ; End of true expr.
    %pushi/vec4 1, 0, 2;
    %jmp/0 T_0.10, 8;
 ; End of false expr.
    %blend;
T_0.10;
    %assign/vec4 v0xd4fa2a0_0, 0;
    %jmp T_0.6;
T_0.4 ;
    %load/vec4 v0xd4f9330_0;
    %cmpi/e 4095, 0, 12;
    %flag_get/vec4 4;
    %jmp/0 T_0.14, 4;
    %load/vec4 v0xd4fa120_0;
    %inv;
    %and;
T_0.14;
    %flag_set/vec4 8;
    %jmp/1 T_0.13, 8;
    %load/vec4 v0xd4f9330_0;
    %cmpi/e 4094, 0, 12;
    %flag_get/vec4 4;
    %jmp/0 T_0.15, 4;
    %load/vec4 v0xd4fa120_0;
    %and;
T_0.15;
    %flag_set/vec4 9;
    %flag_or 8, 9;
T_0.13;
    %jmp/0 T_0.11, 8;
    %pushi/vec4 0, 0, 2;
    %jmp/1 T_0.12, 8;
T_0.11 ; End of true expr.
    %pushi/vec4 2, 0, 2;
    %jmp/0 T_0.12, 8;
 ; End of false expr.
    %blend;
T_0.12;
    %assign/vec4 v0xd4fa2a0_0, 0;
    %jmp T_0.6;
T_0.6 ;
    %pop/vec4 1;
T_0.1 ;
    %jmp T_0;
    .thread T_0;
    .scope S_0xd4c8c50;
T_1 ;
    %wait E_0xd4b4b70;
    %load/vec4 v0xd4f9ee0_0;
    %nor/r;
    %flag_set/vec4 8;
    %jmp/0xz  T_1.0, 8;
    %pushi/vec4 0, 0, 1;
    %assign/vec4 v0xd4f9410_0, 0;
    %jmp T_1.1;
T_1.0 ;
    %load/vec4 v0xd4fa2a0_0;
    %cmpi/ne 1, 0, 2;
    %jmp/0xz  T_1.2, 4;
    %pushi/vec4 0, 0, 1;
    %assign/vec4 v0xd4f9410_0, 0;
    %jmp T_1.3;
T_1.2 ;
    %load/vec4 v0xd4f9410_0;
    %inv;
    %assign/vec4 v0xd4f9410_0, 0;
T_1.3 ;
T_1.1 ;
    %jmp T_1;
    .thread T_1;
    .scope S_0xd4c8c50;
T_2 ;
    %wait E_0xd4b4b70;
    %load/vec4 v0xd4f9ee0_0;
    %nor/r;
    %flag_set/vec4 8;
    %jmp/0xz  T_2.0, 8;
    %pushi/vec4 0, 0, 1;
    %assign/vec4 v0xd4fa120_0, 0;
    %jmp T_2.1;
T_2.0 ;
    %load/vec4 v0xd4fa2a0_0;
    %cmpi/e 0, 0, 2;
    %jmp/0xz  T_2.2, 4;
    %load/vec4 v0xd4fa060_0;
    %assign/vec4 v0xd4fa120_0, 0;
T_2.2 ;
T_2.1 ;
    %jmp T_2;
    .thread T_2;
    .scope S_0xd4c8c50;
T_3 ;
    %wait E_0xd4b4b70;
    %load/vec4 v0xd4f9ee0_0;
    %nor/r;
    %flag_set/vec4 8;
    %jmp/0xz  T_3.0, 8;
    %pushi/vec4 0, 0, 12;
    %assign/vec4 v0xd4f9330_0, 0;
    %jmp T_3.1;
T_3.0 ;
    %load/vec4 v0xd4fa2a0_0;
    %cmpi/e 0, 0, 2;
    %jmp/1 T_3.4, 4;
    %flag_mov 8, 4;
    %load/vec4 v0xd4fa2a0_0;
    %cmpi/e 1, 0, 2;
    %flag_or 4, 8;
T_3.4;
    %jmp/0xz  T_3.2, 4;
    %pushi/vec4 0, 0, 12;
    %assign/vec4 v0xd4f9330_0, 0;
    %jmp T_3.3;
T_3.2 ;
    %load/vec4 v0xd4fa2a0_0;
    %cmpi/e 2, 0, 2;
    %jmp/0xz  T_3.5, 4;
    %load/vec4 v0xd4f9330_0;
    %ix/load 4, 1, 0;
    %flag_set/imm 4, 0;
    %shiftr 4;
    %assign/vec4 v0xd4f9330_0, 0;
    %pushi/vec4 1, 0, 1;
    %ix/load 5, 0, 0;
    %ix/load 4, 11, 0;
    %flag_set/imm 4, 0;
    %assign/vec4/off/d v0xd4f9330_0, 4, 5;
T_3.5 ;
T_3.3 ;
T_3.1 ;
    %jmp T_3;
    .thread T_3;
    .scope S_0xd4c8c50;
T_4 ;
    %wait E_0xd4b4b70;
    %load/vec4 v0xd4f9ee0_0;
    %nor/r;
    %flag_set/vec4 8;
    %jmp/0xz  T_4.0, 8;
    %pushi/vec4 0, 0, 12;
    %assign/vec4 v0xd4f9e00_0, 0;
    %jmp T_4.1;
T_4.0 ;
    %load/vec4 v0xd4fa2a0_0;
    %cmpi/e 1, 0, 2;
    %jmp/0xz  T_4.2, 4;
    %pushi/vec4 0, 0, 12;
    %assign/vec4 v0xd4f9e00_0, 0;
    %jmp T_4.3;
T_4.2 ;
    %load/vec4 v0xd4fa2a0_0;
    %cmpi/e 2, 0, 2;
    %jmp/0xz  T_4.4, 4;
    %load/vec4 v0xd4fa120_0;
    %flag_set/vec4 8;
    %jmp/0xz  T_4.6, 8;
    %pushi/vec4 0, 0, 32;
    %store/vec4 v0xd4f9c60_0, 0, 32;
T_4.8 ; Top of for-loop
    %load/vec4 v0xd4f9c60_0;
    %cmpi/s 11, 0, 32;
	  %jmp/0xz T_4.9, 5;
    %load/vec4 v0xd4f9880_0;
    %load/vec4 v0xd4f9c60_0;
    %addi 1, 0, 32;
    %part/s 1;
    %flag_set/vec4 8;
    %jmp/0 T_4.11, 8;
    %load/vec4 v0xd4f9270_0;
    %jmp/1 T_4.12, 8;
T_4.11 ; End of true expr.
    %load/vec4 v0xd4f9e00_0;
    %load/vec4 v0xd4f9c60_0;
    %part/s 1;
    %jmp/0 T_4.12, 8;
 ; End of false expr.
    %blend;
T_4.12;
    %ix/load 5, 0, 0;
    %ix/getv/s 4, v0xd4f9c60_0;
    %assign/vec4/off/d v0xd4f9e00_0, 4, 5;
T_4.10 ; for-loop step statement
    %load/vec4 v0xd4f9c60_0;
    %addi 1, 0, 32;
    %store/vec4 v0xd4f9c60_0, 0, 32;
    %jmp T_4.8;
T_4.9 ; for-loop exit label
    %pushi/vec4 0, 0, 1;
    %ix/load 5, 0, 0;
    %ix/load 4, 11, 0;
    %flag_set/imm 4, 0;
    %assign/vec4/off/d v0xd4f9e00_0, 4, 5;
    %jmp T_4.7;
T_4.6 ;
    %pushi/vec4 0, 0, 32;
    %store/vec4 v0xd4f9c60_0, 0, 32;
T_4.13 ; Top of for-loop
    %load/vec4 v0xd4f9c60_0;
    %cmpi/s 12, 0, 32;
	  %jmp/0xz T_4.14, 5;
    %load/vec4 v0xd4f9880_0;
    %load/vec4 v0xd4f9c60_0;
    %part/s 1;
    %flag_set/vec4 8;
    %jmp/0 T_4.16, 8;
    %load/vec4 v0xd4f9270_0;
    %jmp/1 T_4.17, 8;
T_4.16 ; End of true expr.
    %load/vec4 v0xd4f9e00_0;
    %load/vec4 v0xd4f9c60_0;
    %part/s 1;
    %jmp/0 T_4.17, 8;
 ; End of false expr.
    %blend;
T_4.17;
    %ix/load 5, 0, 0;
    %ix/getv/s 4, v0xd4f9c60_0;
    %assign/vec4/off/d v0xd4f9e00_0, 4, 5;
T_4.15 ; for-loop step statement
    %load/vec4 v0xd4f9c60_0;
    %addi 1, 0, 32;
    %store/vec4 v0xd4f9c60_0, 0, 32;
    %jmp T_4.13;
T_4.14 ; for-loop exit label
T_4.7 ;
T_4.4 ;
T_4.3 ;
T_4.1 ;
    %jmp T_4;
    .thread T_4;
    .scope S_0xd4c8c50;
T_5 ;
    %wait E_0xd48dc40;
    %load/vec4 v0xd4f9ee0_0;
    %load/vec4 v0xd4f9960_0;
    %and;
    %store/vec4 v0xd4f9a20_0, 0, 1;
    %load/vec4 v0xd4fa6c0_0;
    %load/vec4 v0xd4fa600_0;
    %or;
    %inv;
    %store/vec4 v0xd4f8f50_0, 0, 1;
    %load/vec4 v0xd4fa2a0_0;
    %pushi/vec4 2, 0, 2;
    %cmp/e;
    %flag_get/vec4 4;
    %load/vec4 v0xd4f8f50_0;
    %and;
    %store/vec4 v0xd4fa380_0, 0, 1;
    %load/vec4 v0xd4fa120_0;
    %flag_set/vec4 8;
    %jmp/0xz  T_5.0, 8;
    %load/vec4 v0xd4f90f0_0;
    %inv;
    %load/vec4 v0xd4fa2a0_0;
    %pushi/vec4 2, 0, 2;
    %cmp/e;
    %flag_get/vec4 4;
    %and;
    %load/vec4 v0xd4f9960_0;
    %inv;
    %load/vec4 v0xd4f9330_0;
    %parti/s 1, 1, 2;
    %and;
    %inv;
    %and;
    %store/vec4 v0xd4f97c0_0, 0, 1;
    %load/vec4 v0xd4f9330_0;
    %parti/s 1, 1, 2;
    %load/vec4 v0xd4f9960_0;
    %and;
    %store/vec4 v0xd4f9d40_0, 0, 1;
    %pushi/vec4 0, 0, 11;
    %store/vec4 v0xd4fa440_0, 0, 11;
    %load/vec4 v0xd4f9e00_0;
    %parti/s 11, 0, 2;
    %load/vec4 v0xd4f9010_0;
    %inv;
    %or;
    %store/vec4 v0xd4fa860_0, 0, 11;
    %pushi/vec4 2047, 0, 11;
    %store/vec4 v0xd4fa780_0, 0, 11;
    %load/vec4 v0xd4f9e00_0;
    %parti/s 11, 0, 2;
    %load/vec4 v0xd4f9010_0;
    %inv;
    %or;
    %load/vec4 v0xd4fa2a0_0;
    %pushi/vec4 2, 0, 2;
    %cmp/e;
    %flag_get/vec4 4;
    %load/vec4 v0xd4f8f50_0;
    %and;
    %replicate 11;
    %and;
    %store/vec4 v0xd4faa20_0, 0, 11;
    %load/vec4 v0xd4fa2a0_0;
    %pushi/vec4 2, 0, 2;
    %cmp/e;
    %flag_get/vec4 4;
    %load/vec4 v0xd4f8f50_0;
    %and;
    %replicate 11;
    %store/vec4 v0xd4fa940_0, 0, 11;
    %load/vec4 v0xd4f9330_0;
    %parti/s 1, 1, 2;
    %load/vec4 v0xd4fa2a0_0;
    %pushi/vec4 2, 0, 2;
    %cmp/e;
    %flag_get/vec4 4;
    %and;
    %load/vec4 v0xd4fa2a0_0;
    %pushi/vec4 1, 0, 2;
    %cmp/e;
    %flag_get/vec4 4;
    %or;
    %store/vec4 v0xd4f9ae0_0, 0, 1;
    %load/vec4 v0xd4fa2a0_0;
    %pushi/vec4 2, 0, 2;
    %cmp/e;
    %flag_get/vec4 4;
    %load/vec4 v0xd4f8f50_0;
    %and;
    %replicate 11;
    %pushi/vec4 1, 0, 1;
    %load/vec4 v0xd4f9330_0;
    %parti/s 10, 2, 3;
    %concat/vec4; draw_concat_vec4
    %and;
    %store/vec4 v0xd4f9010_0, 0, 11;
    %jmp T_5.1;
T_5.0 ;
    %load/vec4 v0xd4f90f0_0;
    %inv;
    %load/vec4 v0xd4fa2a0_0;
    %pushi/vec4 2, 0, 2;
    %cmp/e;
    %flag_get/vec4 4;
    %and;
    %load/vec4 v0xd4f9960_0;
    %inv;
    %load/vec4 v0xd4f9330_0;
    %parti/s 1, 0, 2;
    %and;
    %inv;
    %and;
    %store/vec4 v0xd4f97c0_0, 0, 1;
    %load/vec4 v0xd4f9330_0;
    %parti/s 1, 0, 2;
    %load/vec4 v0xd4f9960_0;
    %and;
    %store/vec4 v0xd4f9d40_0, 0, 1;
    %load/vec4 v0xd4f9330_0;
    %parti/s 11, 1, 2;
    %load/vec4 v0xd4fa2a0_0;
    %pushi/vec4 2, 0, 2;
    %cmp/e;
    %flag_get/vec4 4;
    %load/vec4 v0xd4f8f50_0;
    %and;
    %inv;
    %replicate 11;
    %or;
    %inv;
    %store/vec4 v0xd4fa440_0, 0, 11;
    %load/vec4 v0xd4f9e00_0;
    %parti/s 11, 1, 2;
    %load/vec4 v0xd4f9010_0;
    %inv;
    %or;
    %store/vec4 v0xd4fa860_0, 0, 11;
    %load/vec4 v0xd4f9e00_0;
    %parti/s 11, 1, 2;
    %inv;
    %load/vec4 v0xd4f9010_0;
    %inv;
    %or;
    %store/vec4 v0xd4fa780_0, 0, 11;
    %load/vec4 v0xd4f9e00_0;
    %parti/s 11, 1, 2;
    %load/vec4 v0xd4f9010_0;
    %and;
    %store/vec4 v0xd4faa20_0, 0, 11;
    %load/vec4 v0xd4f9e00_0;
    %parti/s 11, 1, 2;
    %inv;
    %load/vec4 v0xd4f9010_0;
    %and;
    %store/vec4 v0xd4fa940_0, 0, 11;
    %load/vec4 v0xd4f9330_0;
    %parti/s 1, 0, 2;
    %load/vec4 v0xd4fa2a0_0;
    %pushi/vec4 2, 0, 2;
    %cmp/e;
    %flag_get/vec4 4;
    %and;
    %load/vec4 v0xd4fa2a0_0;
    %pushi/vec4 1, 0, 2;
    %cmp/e;
    %flag_get/vec4 4;
    %or;
    %store/vec4 v0xd4f9ae0_0, 0, 1;
    %load/vec4 v0xd4fa520_0;
    %inv;
    %load/vec4 v0xd4f9330_0;
    %parti/s 11, 1, 2;
    %and;
    %store/vec4 v0xd4f9010_0, 0, 11;
T_5.1 ;
    %jmp T_5;
    .thread T_5, $push;
    .scope S_0xd4c8ac0;
T_6 ;
    %pushi/vec4 0, 0, 1;
    %store/vec4 v0xd4fade0_0, 0, 1;
    %end;
    .thread T_6;
    .scope S_0xd4c8ac0;
T_7 ;
    %delay 10000, 0;
    %load/vec4 v0xd4fade0_0;
    %inv;
    %store/vec4 v0xd4fade0_0, 0, 1;
    %jmp T_7;
    .thread T_7;
    .scope S_0xd4c8ac0;
T_8 ;
    %wait E_0xd4b4b70;
    %load/vec4 v0xd4fb4d0_0;
    %nor/r;
    %flag_set/vec4 8;
    %jmp/0xz  T_8.0, 8;
    %pushi/vec4 0, 0, 1;
    %assign/vec4 v0xd4faf40_0, 0;
    %jmp T_8.1;
T_8.0 ;
    %load/vec4 v0xd4fb080_0;
    %flag_set/vec4 8;
    %jmp/0xz  T_8.2, 8;
    %load/vec4 v0xd4faf40_0;
    %inv;
    %assign/vec4 v0xd4faf40_0, 0;
T_8.2 ;
T_8.1 ;
    %jmp T_8;
    .thread T_8;
    .scope S_0xd4c8ac0;
T_9 ;
    %vpi_call/w 3 102 "$dumpfile", "state_machine.vcd" {0 0 0};
    %vpi_call/w 3 103 "$dumpvars", 32'sb00000000000000000000000000000000, S_0xd4c8ac0 {0 0 0};
    %pushi/vec4 0, 0, 1;
    %store/vec4 v0xd4fb4d0_0, 0, 1;
    %pushi/vec4 0, 0, 1;
    %store/vec4 v0xd4fb740_0, 0, 1;
    %pushi/vec4 0, 0, 1;
    %store/vec4 v0xd4fb670_0, 0, 1;
    %pushi/vec4 1, 0, 1;
    %store/vec4 v0xd4fb120_0, 0, 1;
    %pushi/vec4 0, 0, 1;
    %store/vec4 v0xd4fbb50_0, 0, 1;
    %pushi/vec4 0, 0, 1;
    %store/vec4 v0xd4fba80_0, 0, 1;
    %pushi/vec4 0, 0, 1;
    %store/vec4 v0xd4faf40_0, 0, 1;
    %delay 100000, 0;
    %pushi/vec4 1, 0, 1;
    %store/vec4 v0xd4fb4d0_0, 0, 1;
    %delay 100000, 0;
    %pushi/vec4 1, 0, 1;
    %store/vec4 v0xd4fb740_0, 0, 1;
    %delay 40000, 0;
    %pushi/vec4 0, 0, 1;
    %store/vec4 v0xd4fb740_0, 0, 1;
    %delay 1500000, 0;
    %pushi/vec4 1, 0, 1;
    %store/vec4 v0xd4fb670_0, 0, 1;
    %delay 100000, 0;
    %pushi/vec4 1, 0, 1;
    %store/vec4 v0xd4fb740_0, 0, 1;
    %delay 40000, 0;
    %pushi/vec4 0, 0, 1;
    %store/vec4 v0xd4fb740_0, 0, 1;
    %delay 1500000, 0;
    %vpi_call/w 3 149 "$finish" {0 0 0};
    %end;
    .thread T_9;
# The file index is used to find the file name in the following table.
:file_names 5;
    "N/A";
    "<interactive>";
    "-";
    "state_machine_tb.v";
    "state_machine.v";
# EOF
